<?xml version="1.0" encoding="UTF-8"?>
<robot generator="Robot 7.0 (Python 3.12.2 on darwin)" generated="2024-04-04T10:43:06.164126" rpa="false" schemaversion="5">
<suite id="s1" name="Spec-11-6" source="/Users/milan/SÌŒkola/DP/program/generated/spec-11-6.robot">
<test id="s1-t1" name="Check Names And Click Buttons" line="5">
<kw name="Open Browser" owner="SeleniumLibrary">
<msg time="2024-04-04T10:43:06.214259" level="INFO">Opening browser 'Chrome' to base url 'http://localhost:4680/tbuis/index.jsp'.</msg>
<arg>http://localhost:4680/tbuis/index.jsp</arg>
<arg>Chrome</arg>
<doc>Opens a new browser instance to the optional ``url``.</doc>
<status status="PASS" start="2024-04-04T10:43:06.214146" elapsed="0.635007"/>
</kw>
<kw name="Click Element" owner="SeleniumLibrary">
<msg time="2024-04-04T10:43:06.849847" level="INFO">Clicking element 'xpath://*[@id="header.link.login"]'.</msg>
<arg>xpath://*[@id="header.link.login"]</arg>
<doc>Click the element identified by ``locator``.</doc>
<status status="PASS" start="2024-04-04T10:43:06.849531" elapsed="0.066692"/>
</kw>
<kw name="Click Element" owner="SeleniumLibrary">
<msg time="2024-04-04T10:43:06.916517" level="INFO">Clicking element 'xpath://*[@id="loginPage.userNameInput"]'.</msg>
<arg>xpath://*[@id="loginPage.userNameInput"]</arg>
<doc>Click the element identified by ``locator``.</doc>
<status status="PASS" start="2024-04-04T10:43:06.916392" elapsed="0.023741"/>
</kw>
<kw name="Input Text" owner="SeleniumLibrary">
<msg time="2024-04-04T10:43:06.940399" level="INFO">Typing text 'pedant' into text field 'xpath://*[@id="loginPage.userNameInput"]'.</msg>
<arg>xpath://*[@id="loginPage.userNameInput"]</arg>
<arg>pedant</arg>
<doc>Types the given ``text`` into the text field identified by ``locator``.</doc>
<status status="PASS" start="2024-04-04T10:43:06.940280" elapsed="0.074634"/>
</kw>
<kw name="Click Element" owner="SeleniumLibrary">
<msg time="2024-04-04T10:43:07.015205" level="INFO">Clicking element 'xpath://*[@id="loginPage.passwordInput"]'.</msg>
<arg>xpath://*[@id="loginPage.passwordInput"]</arg>
<doc>Click the element identified by ``locator``.</doc>
<status status="PASS" start="2024-04-04T10:43:07.015082" elapsed="0.026204"/>
</kw>
<kw name="Input Text" owner="SeleniumLibrary">
<msg time="2024-04-04T10:43:07.041547" level="INFO">Typing text 'pass' into text field 'xpath://*[@id="loginPage.passwordInput"]'.</msg>
<arg>xpath://*[@id="loginPage.passwordInput"]</arg>
<arg>pass</arg>
<doc>Types the given ``text`` into the text field identified by ``locator``.</doc>
<status status="PASS" start="2024-04-04T10:43:07.041429" elapsed="0.027399"/>
</kw>
<kw name="Click Element" owner="SeleniumLibrary">
<msg time="2024-04-04T10:43:07.069104" level="INFO">Clicking element 'xpath://*[@id="loginPage.loginFormSubmit"]'.</msg>
<arg>xpath://*[@id="loginPage.loginFormSubmit"]</arg>
<doc>Click the element identified by ``locator``.</doc>
<status status="PASS" start="2024-04-04T10:43:07.068973" elapsed="0.197650"/>
</kw>
<kw name="Click Element" owner="SeleniumLibrary">
<msg time="2024-04-04T10:43:07.266916" level="INFO">Clicking element 'xpath://*[@id="tea.menu.mySubjects"]'.</msg>
<arg>xpath://*[@id="tea.menu.mySubjects"]</arg>
<doc>Click the element identified by ``locator``.</doc>
<status status="PASS" start="2024-04-04T10:43:07.266779" elapsed="0.091446"/>
</kw>
<kw name="Click Element" owner="SeleniumLibrary">
<msg time="2024-04-04T10:43:07.358486" level="INFO">Clicking element 'xpath://*[@id="tea.mySubjects.table.listOfStudentsButton-0"]'.</msg>
<arg>xpath://*[@id="tea.mySubjects.table.listOfStudentsButton-0"]</arg>
<doc>Click the element identified by ``locator``.</doc>
<status status="PASS" start="2024-04-04T10:43:07.358373" elapsed="0.025589"/>
</kw>
<kw name="Page Should Contain" owner="SeleniumLibrary">
<msg time="2024-04-04T10:43:07.391207" level="INFO">Current page contains text 'Benjamin Green'.</msg>
<arg>Benjamin Green</arg>
<doc>Verifies that current page contains ``text``.</doc>
<status status="PASS" start="2024-04-04T10:43:07.384134" elapsed="0.007139"/>
</kw>
<kw name="Page Should Contain" owner="SeleniumLibrary">
<msg time="2024-04-04T10:43:07.398152" level="INFO">Current page contains text 'Mia Orange'.</msg>
<arg>Mia Orange</arg>
<doc>Verifies that current page contains ``text``.</doc>
<status status="PASS" start="2024-04-04T10:43:07.391420" elapsed="0.006777"/>
</kw>
<kw name="Page Should Contain" owner="SeleniumLibrary">
<msg time="2024-04-04T10:43:07.404936" level="INFO">Current page contains text 'Charlotte Purple'.</msg>
<arg>Charlotte Purple</arg>
<doc>Verifies that current page contains ``text``.</doc>
<status status="PASS" start="2024-04-04T10:43:07.398308" elapsed="0.006681"/>
</kw>
<kw name="Page Should Contain" owner="SeleniumLibrary">
<msg time="2024-04-04T10:43:07.411596" level="INFO">Current page contains text 'Isabella Yellow'.</msg>
<arg>Isabella Yellow</arg>
<doc>Verifies that current page contains ``text``.</doc>
<status status="PASS" start="2024-04-04T10:43:07.405116" elapsed="0.006534"/>
</kw>
<kw name="Click Element" owner="SeleniumLibrary">
<msg time="2024-04-04T10:43:07.411883" level="INFO">Clicking element 'xpath://*[@id="closeModalButtonCross"]'.</msg>
<msg time="2024-04-04T10:43:07.607460" level="INFO" html="true">&lt;/td&gt;&lt;/tr&gt;&lt;tr&gt;&lt;td colspan="3"&gt;&lt;a href="selenium-screenshot-11.png"&gt;&lt;img src="selenium-screenshot-11.png" width="800px"&gt;&lt;/a&gt;</msg>
<msg time="2024-04-04T10:43:07.607591" level="FAIL">ElementNotInteractableException: Message: element not interactable
  (Session info: chrome=123.0.6312.105)
Stacktrace:
0   chromedriver                        0x000000010281841c chromedriver + 4326428
1   chromedriver                        0x00000001028108e4 chromedriver + 4294884
2   chromedriver                        0x000000010243beec chromedriver + 278252
3   chromedriver                        0x000000010247fbc8 chromedriver + 555976
4   chromedriver                        0x00000001024753ac chromedriver + 512940
5   chromedriver                        0x0000000102474dd0 chromedriver + 511440
6   chromedriver                        0x00000001024b74f8 chromedriver + 783608
7   chromedriver                        0x00000001024734e4 chromedriver + 505060
8   chromedriver                        0x0000000102473f5c chromedriver + 507740
9   chromedriver                        0x00000001027db9b8 chromedriver + 4078008
10  chromedriver                        0x00000001027e0770 chromedriver + 4097904
11  chromedriver                        0x00000001027c255c chromedriver + 3974492
12  chromedriver                        0x00000001027e1088 chromedriver + 4100232
13  chromedriver                        0x00000001027b3b4c chromedriver + 3914572
14  chromedriver                        0x0000000102801690 chromedriver + 4232848
15  chromedriver                        0x000000010280180c chromedriver + 4233228
16  chromedriver                        0x0000000102810558 chromedriver + 4293976
17  libsystem_pthread.dylib             0x000000018075e034 _pthread_start + 136
18  libsystem_pthread.dylib             0x0000000180758e3c thread_start + 8
</msg>
<arg>xpath://*[@id="closeModalButtonCross"]</arg>
<doc>Click the element identified by ``locator``.</doc>
<status status="FAIL" start="2024-04-04T10:43:07.411776" elapsed="0.196785">ElementNotInteractableException: Message: element not interactable
  (Session info: chrome=123.0.6312.105)
Stacktrace:
0   chromedriver                        0x000000010281841c chromedriver + 4326428
1   chromedriver                        0x00000001028108e4 chromedriver + 4294884
2   chromedriver                        0x000000010243beec chromedriver + 278252
3   chromedriver                        0x000000010247fbc8 chromedriver + 555976
4   chromedriver                        0x00000001024753ac chromedriver + 512940
5   chromedriver                        0x0000000102474dd0 chromedriver + 511440
6   chromedriver                        0x00000001024b74f8 chromedriver + 783608
7   chromedriver                        0x00000001024734e4 chromedriver + 505060
8   chromedriver                        0x0000000102473f5c chromedriver + 507740
9   chromedriver                        0x00000001027db9b8 chromedriver + 4078008
10  chromedriver                        0x00000001027e0770 chromedriver + 4097904
11  chromedriver                        0x00000001027c255c chromedriver + 3974492
12  chromedriver                        0x00000001027e1088 chromedriver + 4100232
13  chromedriver                        0x00000001027b3b4c chromedriver + 3914572
14  chromedriver                        0x0000000102801690 chromedriver + 4232848
15  chromedriver                        0x000000010280180c chromedriver + 4233228
16  chromedriver                        0x0000000102810558 chromedriver + 4293976
17  libsystem_pthread.dylib             0x000000018075e034 _pthread_start + 136
18  libsystem_pthread.dylib             0x0000000180758e3c thread_start + 8
</status>
</kw>
<kw name="Click Element" owner="SeleniumLibrary">
<arg>xpath://*[@id="tea.mySubjects.table.listOfStudentsButton-2"]</arg>
<doc>Click the element identified by ``locator``.</doc>
<status status="NOT RUN" start="2024-04-04T10:43:07.608738" elapsed="0.000018"/>
</kw>
<kw name="Page Should Contain" owner="SeleniumLibrary">
<arg>No students</arg>
<doc>Verifies that current page contains ``text``.</doc>
<status status="NOT RUN" start="2024-04-04T10:43:07.608817" elapsed="0.000010"/>
</kw>
<kw name="Close Browser" owner="SeleniumLibrary">
<doc>Closes the current browser.</doc>
<status status="NOT RUN" start="2024-04-04T10:43:07.608873" elapsed="0.000009"/>
</kw>
<status status="FAIL" start="2024-04-04T10:43:06.213700" elapsed="1.395316">ElementNotInteractableException: Message: element not interactable
  (Session info: chrome=123.0.6312.105)
Stacktrace:
0   chromedriver                        0x000000010281841c chromedriver + 4326428
1   chromedriver                        0x00000001028108e4 chromedriver + 4294884
2   chromedriver                        0x000000010243beec chromedriver + 278252
3   chromedriver                        0x000000010247fbc8 chromedriver + 555976
4   chromedriver                        0x00000001024753ac chromedriver + 512940
5   chromedriver                        0x0000000102474dd0 chromedriver + 511440
6   chromedriver                        0x00000001024b74f8 chromedriver + 783608
7   chromedriver                        0x00000001024734e4 chromedriver + 505060
8   chromedriver                        0x0000000102473f5c chromedriver + 507740
9   chromedriver                        0x00000001027db9b8 chromedriver + 4078008
10  chromedriver                        0x00000001027e0770 chromedriver + 4097904
11  chromedriver                        0x00000001027c255c chromedriver + 3974492
12  chromedriver                        0x00000001027e1088 chromedriver + 4100232
13  chromedriver                        0x00000001027b3b4c chromedriver + 3914572
14  chromedriver                        0x0000000102801690 chromedriver + 4232848
15  chromedriver                        0x000000010280180c chromedriver + 4233228
16  chromedriver                        0x0000000102810558 chromedriver + 4293976
17  libsystem_pthread.dylib             0x000000018075e034 _pthread_start + 136
18  libsystem_pthread.dylib             0x0000000180758e3c thread_start + 8
</status>
</test>
<status status="FAIL" start="2024-04-04T10:43:06.165178" elapsed="1.444101"/>
</suite>
<statistics>
<total>
<stat pass="0" fail="1" skip="0">All Tests</stat>
</total>
<tag>
</tag>
<suite>
<stat pass="0" fail="1" skip="0" id="s1" name="Spec-11-6">Spec-11-6</stat>
</suite>
</statistics>
<errors>
</errors>
</robot>
